<?xml version="1.0" encoding="UTF-8"?>
<!-- Generated by org.testng.reporters.JUnitReportReporter -->
<testsuite hostname="Yog" failures="0" tests="1" name="org.tyss.dream11.TestCase_002" time="102.947" errors="0" timestamp="2022-08-21T21:48:46 IST" skipped="0">
  <testcase classname="org.tyss.dream11.TestCase_002" name="goMartEndToEndTest" time="102.947"/>
  <system-out/>
</testsuite> <!-- org.tyss.dream11.TestCase_002 -->
