<?xml version="1.0" encoding="UTF-8"?>
<!-- Generated by org.testng.reporters.JUnitReportReporter -->
<testsuite hostname="Yog" failures="0" tests="1" name="org.genrals.NetSetup" time="10.372" errors="1" timestamp="2022-08-18T14:40:26 IST" skipped="0">
  <testcase classname="org.genrals.NetSetup" name="netSetUps" time="10.372">
    <error message="An unknown server-side error occurred while processing the command. Original error: Error executing adbExec. Original error: &#039;Command &#039;C:\\Users\\yogir\\AppData\\Local\\Android\\Sdk\\platform-tools\\adb.exe -P 5037 -s emulator-5554 shell am broadcast -a android.intent.action.AIRPLANE_MODE --ez state true&#039; exited with code 255&#039;; Stderr: &#039;Exception occurred while executing &#039;broadcast&#039;:
java.lang.SecurityException: Permission Denial: not allowed to send broadcast android.intent.action.AIRPLANE_MODE from pid=4186, uid=2000
	at com.android.server.am.ActivityManagerService.broadcastIntentLocked(ActivityManagerService.java:12906)
	at com.android.server.am.ActivityManagerService.broadcastIntentLocked(ActivityManagerService.java:12752)
	at com.android.server.am.ActivityManagerService.broadcastIntentWithFeature(ActivityManagerService.java:13587)
	at com.android.server.am.ActivityManagerShellCommand.runSendBroadcast(ActivityManagerShellCommand.java:765)
	at com.android.server.am.ActivityManagerShellCommand.onCommand(ActivityManagerShellCommand.java:206)
	at com.android.modules.utils.BasicShellCommandHandler.exec(BasicShellCommandHandler.java:97)
	at android.os.ShellCommand.exec(ShellCommand.java:38)
	at com.android.server.am.ActivityManagerService.onShellCommand(ActivityManagerService.java:8609)
	at android.os.Binder.shellCommand(Binder.java:950)
	at android.os.Binder.onTransact(Binder.java:834)
	at android.app.IActivityManager$Stub.onTransact(IActivityManager.java:5106)
	at com.android.server.am.ActivityManagerService.onTransact(ActivityManagerService.java:2498)
	at android.os.Binder.execTransactInternal(Binder.java:1184)
	at android.os.Binder.execTransact(Binder.java:1143)&#039;; Code: &#039;255&#039; (WARNING: The server did not provide any stacktrace information)
Command duration or timeout: 713 milliseconds
Build info: version: &#039;2.53.1&#039;, revision: &#039;a36b8b1cd5757287168e54b817830adce9b0158d&#039;, time: &#039;2016-06-30 19:26:09&#039;
System info: host: &#039;Yog&#039;, ip: &#039;172.26.32.1&#039;, os.name: &#039;Windows 10&#039;, os.arch: &#039;amd64&#039;, os.version: &#039;10.0&#039;, java.version: &#039;11.0.16&#039;
Driver info: io.appium.java_client.android.AndroidDriver
Capabilities [{appPackage=io.appium.android.apis, deviceScreenSize=1080x2280, networkConnectionEnabled=true, statBarHeight=83, warnings={}, viewportRect={top=83, left=0, width=1080, height=2065}, databaseEnabled=false, deviceName=emulator-5554, platform=LINUX, deviceUDID=emulator-5554, appActivity=.ApiDemos, desired={appPackage=io.appium.android.apis, appActivity=.ApiDemos, platformVersion=12, platformName=Android, udid=emulator-5554}, platformVersion=12, pixelRatio=2.75, webStorageEnabled=false, locationContextEnabled=false, takesScreenshot=true, javascriptEnabled=true, deviceScreenDensity=440, deviceModel=sdk_gphone64_x86_64, platformName=Android, udid=emulator-5554, deviceApiLevel=31, deviceManufacturer=Google}]
Session ID: 61a210a3-c73d-48e5-aaf0-8596b615c94e" type="org.openqa.selenium.WebDriverException">
      <![CDATA[org.openqa.selenium.WebDriverException: An unknown server-side error occurred while processing the command. Original error: Error executing adbExec. Original error: 'Command 'C:\\Users\\yogir\\AppData\\Local\\Android\\Sdk\\platform-tools\\adb.exe -P 5037 -s emulator-5554 shell am broadcast -a android.intent.action.AIRPLANE_MODE --ez state true' exited with code 255'; Stderr: 'Exception occurred while executing 'broadcast':
java.lang.SecurityException: Permission Denial: not allowed to send broadcast android.intent.action.AIRPLANE_MODE from pid=4186, uid=2000
at com.android.server.am.ActivityManagerService.broadcastIntentLocked(ActivityManagerService.java:12906)
at com.android.server.am.ActivityManagerService.broadcastIntentLocked(ActivityManagerService.java:12752)
at com.android.server.am.ActivityManagerService.broadcastIntentWithFeature(ActivityManagerService.java:13587)
at com.android.server.am.ActivityManagerShellCommand.runSendBroadcast(ActivityManagerShellCommand.java:765)
at com.android.server.am.ActivityManagerShellCommand.onCommand(ActivityManagerShellCommand.java:206)
at com.android.modules.utils.BasicShellCommandHandler.exec(BasicShellCommandHandler.java:97)
at android.os.ShellCommand.exec(ShellCommand.java:38)
at com.android.server.am.ActivityManagerService.onShellCommand(ActivityManagerService.java:8609)
at android.os.Binder.shellCommand(Binder.java:950)
at android.os.Binder.onTransact(Binder.java:834)
at android.app.IActivityManager$Stub.onTransact(IActivityManager.java:5106)
at com.android.server.am.ActivityManagerService.onTransact(ActivityManagerService.java:2498)
at android.os.Binder.execTransactInternal(Binder.java:1184)
at android.os.Binder.execTransact(Binder.java:1143)'; Code: '255' (WARNING: The server did not provide any stacktrace information)
Command duration or timeout: 713 milliseconds
Build info: version: '2.53.1', revision: 'a36b8b1cd5757287168e54b817830adce9b0158d', time: '2016-06-30 19:26:09'
System info: host: 'Yog', ip: '172.26.32.1', os.name: 'Windows 10', os.arch: 'amd64', os.version: '10.0', java.version: '11.0.16'
Driver info: io.appium.java_client.android.AndroidDriver
Capabilities [{appPackage=io.appium.android.apis, deviceScreenSize=1080x2280, networkConnectionEnabled=true, statBarHeight=83, warnings={}, viewportRect={top=83, left=0, width=1080, height=2065}, databaseEnabled=false, deviceName=emulator-5554, platform=LINUX, deviceUDID=emulator-5554, appActivity=.ApiDemos, desired={appPackage=io.appium.android.apis, appActivity=.ApiDemos, platformVersion=12, platformName=Android, udid=emulator-5554}, platformVersion=12, pixelRatio=2.75, webStorageEnabled=false, locationContextEnabled=false, takesScreenshot=true, javascriptEnabled=true, deviceScreenDensity=440, deviceModel=sdk_gphone64_x86_64, platformName=Android, udid=emulator-5554, deviceApiLevel=31, deviceManufacturer=Google}]
Session ID: 61a210a3-c73d-48e5-aaf0-8596b615c94e
at java.base/jdk.internal.reflect.NativeConstructorAccessorImpl.newInstance0(Native Method)
at java.base/jdk.internal.reflect.NativeConstructorAccessorImpl.newInstance(NativeConstructorAccessorImpl.java:62)
at java.base/jdk.internal.reflect.DelegatingConstructorAccessorImpl.newInstance(DelegatingConstructorAccessorImpl.java:45)
at java.base/java.lang.reflect.Constructor.newInstance(Constructor.java:490)
at org.openqa.selenium.remote.ErrorHandler.createThrowable(ErrorHandler.java:206)
at org.openqa.selenium.remote.ErrorHandler.throwIfResponseFailed(ErrorHandler.java:158)
at org.openqa.selenium.remote.RemoteWebDriver.execute(RemoteWebDriver.java:678)
at io.appium.java_client.DefaultGenericMobileDriver.execute(DefaultGenericMobileDriver.java:40)
at io.appium.java_client.AppiumDriver.execute(AppiumDriver.java:1)
at io.appium.java_client.android.AndroidDriver.execute(AndroidDriver.java:1)
at io.appium.java_client.CommandExecutionHelper.execute(CommandExecutionHelper.java:32)
at io.appium.java_client.android.AndroidDriver.setConnection(AndroidDriver.java:230)
at org.genrals.NetSetup.netSetUps(NetSetup.java:30)
at java.base/jdk.internal.reflect.NativeMethodAccessorImpl.invoke0(Native Method)
at java.base/jdk.internal.reflect.NativeMethodAccessorImpl.invoke(NativeMethodAccessorImpl.java:62)
at java.base/jdk.internal.reflect.DelegatingMethodAccessorImpl.invoke(DelegatingMethodAccessorImpl.java:43)
at java.base/java.lang.reflect.Method.invoke(Method.java:566)
at org.testng.internal.MethodInvocationHelper.invokeMethod(MethodInvocationHelper.java:133)
at org.testng.internal.TestInvoker.invokeMethod(TestInvoker.java:598)
at org.testng.internal.TestInvoker.invokeTestMethod(TestInvoker.java:173)
at org.testng.internal.MethodRunner.runInSequence(MethodRunner.java:46)
at org.testng.internal.TestInvoker$MethodInvocationAgent.invoke(TestInvoker.java:824)
at org.testng.internal.TestInvoker.invokeTestMethods(TestInvoker.java:146)
at org.testng.internal.TestMethodWorker.invokeTestMethods(TestMethodWorker.java:146)
at org.testng.internal.TestMethodWorker.run(TestMethodWorker.java:128)
at java.base/java.util.ArrayList.forEach(ArrayList.java:1541)
at org.testng.TestRunner.privateRun(TestRunner.java:794)
at org.testng.TestRunner.run(TestRunner.java:596)
at org.testng.SuiteRunner.runTest(SuiteRunner.java:377)
at org.testng.SuiteRunner.runSequentially(SuiteRunner.java:371)
at org.testng.SuiteRunner.privateRun(SuiteRunner.java:332)
at org.testng.SuiteRunner.run(SuiteRunner.java:276)
at org.testng.SuiteRunnerWorker.runSuite(SuiteRunnerWorker.java:53)
at org.testng.SuiteRunnerWorker.run(SuiteRunnerWorker.java:96)
at org.testng.TestNG.runSuitesSequentially(TestNG.java:1212)
at org.testng.TestNG.runSuitesLocally(TestNG.java:1134)
at org.testng.TestNG.runSuites(TestNG.java:1063)
at org.testng.TestNG.run(TestNG.java:1031)
at org.testng.remote.AbstractRemoteTestNG.run(AbstractRemoteTestNG.java:115)
at org.testng.remote.RemoteTestNG.initAndRun(RemoteTestNG.java:251)
at org.testng.remote.RemoteTestNG.main(RemoteTestNG.java:77)
]]>
    </error>
  </testcase> <!-- netSetUps -->
  <system-out/>
</testsuite> <!-- org.genrals.NetSetup -->
