<?xml version="1.0" encoding="UTF-8"?>
<!-- Generated by org.testng.reporters.JUnitReportReporter -->
<testsuite hostname="Yog" failures="0" tests="1" name="org.genrals.AppWitchTest" time="11.636" errors="0" timestamp="2022-08-18T16:40:36 IST" skipped="0">
  <testcase classname="org.genrals.AppWitchTest" name="appSwitchTest" time="11.636"/>
  <system-out/>
</testsuite> <!-- org.genrals.AppWitchTest -->
