<?xml version="1.0" encoding="UTF-8"?>
<!-- Generated by org.testng.reporters.JUnitReportReporter -->
<testsuite hostname="Yog" failures="0" tests="1" name="org.genrals.ScrollGeneralStoreAppTest" time="45.813" errors="0" timestamp="2022-08-19T15:44:59 IST" skipped="0">
  <testcase classname="org.genrals.ScrollGeneralStoreAppTest" name="appInBackGroundTest" time="45.813"/>
  <system-out/>
</testsuite> <!-- org.genrals.ScrollGeneralStoreAppTest -->
