<?xml version="1.0" encoding="UTF-8"?>
<!-- Generated by org.testng.reporters.JUnitReportReporter -->
<testsuite hostname="Yog" failures="0" tests="1" name="org.genrals.ApiDemosOnVm" time="34.520" errors="0" timestamp="2022-08-18T13:32:25 IST" skipped="0">
  <testcase classname="org.genrals.ApiDemosOnVm" name="apiActions" time="34.520"/>
  <system-out/>
</testsuite> <!-- org.genrals.ApiDemosOnVm -->
