<?xml version="1.0" encoding="UTF-8"?>
<!-- Generated by org.testng.reporters.JUnitReportReporter -->
<testsuite hostname="Yog" failures="0" tests="1" name="org.genrals.SwipeActionsTest" time="13.310" errors="0" timestamp="2022-08-18T16:32:06 IST" skipped="0">
  <testcase classname="org.genrals.SwipeActionsTest" name="swipeAction" time="13.310"/>
  <system-out/>
</testsuite> <!-- org.genrals.SwipeActionsTest -->
