<?xml version="1.0" encoding="UTF-8"?>
<!-- Generated by org.testng.reporters.JUnitReportReporter -->
<testsuite hostname="Yog" failures="0" tests="1" name="org.tyss.appium36.practice.HandleNotificationsTest" time="26.785" errors="0" timestamp="2022-08-20T12:39:50 IST" skipped="0">
  <testcase classname="org.tyss.appium36.practice.HandleNotificationsTest" name="apiActions" time="26.785"/>
  <system-out/>
</testsuite> <!-- org.tyss.appium36.practice.HandleNotificationsTest -->
