<?xml version="1.0" encoding="UTF-8"?>
<!-- Generated by org.testng.reporters.JUnitReportReporter -->
<testsuite hostname="Yog" failures="0" tests="1" name="org.tyss.appium36.practice.GeneralStoreScenarioTest" time="23.855" errors="0" timestamp="2022-08-24T14:15:42 IST" skipped="0">
  <testcase classname="org.tyss.appium36.practice.GeneralStoreScenarioTest" name="uninstallgenralStoreAppTest" time="23.855"/>
  <system-out/>
</testsuite> <!-- org.tyss.appium36.practice.GeneralStoreScenarioTest -->
