<?xml version="1.0" encoding="UTF-8"?>
<!-- Generated by org.testng.reporters.JUnitReportReporter -->
<testsuite hostname="Yog" failures="0" tests="1" name="org.tyss.bigbasket.practice.TC_002" time="19.423" errors="0" timestamp="2022-08-24T09:42:19 IST" skipped="0">
  <testcase classname="org.tyss.bigbasket.practice.TC_002" name="EndToEndTest" time="19.423"/>
  <system-out/>
</testsuite> <!-- org.tyss.bigbasket.practice.TC_002 -->
