<?xml version="1.0" encoding="UTF-8"?>
<!-- Generated by org.testng.reporters.JUnitReportReporter -->
<testsuite hostname="Yog" failures="0" tests="1" name="org.genrals.Try001" time="0.011" errors="0" timestamp="2022-08-25T10:57:20 IST" skipped="0">
  <testcase classname="org.genrals.Try001" name="DataProvider" time="0.011"/>
  <system-out/>
</testsuite> <!-- org.genrals.Try001 -->
