<?xml version="1.0" encoding="UTF-8"?>
<!-- Generated by org.testng.reporters.JUnitReportReporter -->
<testsuite hostname="Yog" failures="0" tests="1" name="org.genrals.DrapAndDropTest" time="21.993" errors="0" timestamp="2022-08-18T16:17:59 IST" skipped="0">
  <testcase classname="org.genrals.DrapAndDropTest" name="drapanddropaction" time="21.993"/>
  <system-out/>
</testsuite> <!-- org.genrals.DrapAndDropTest -->
