<?xml version="1.0" encoding="UTF-8"?>
<!-- Generated by org.testng.reporters.JUnitReportReporter -->
<testsuite hostname="Yog" failures="0" tests="1" name="org.genrals.OrientationSetUpTest" time="11.018" errors="0" timestamp="2022-08-18T14:48:08 IST" skipped="0">
  <testcase classname="org.genrals.OrientationSetUpTest" name="orientationSetUp" time="11.018"/>
  <system-out/>
</testsuite> <!-- org.genrals.OrientationSetUpTest -->
