<?xml version="1.0" encoding="UTF-8"?>
<!-- Generated by org.testng.reporters.JUnitReportReporter -->
<testsuite hostname="Yog" failures="0" tests="1" name="org.tyss.appium36.practice.ApiDemosOnVmTest" time="29.988" errors="0" timestamp="2022-08-23T11:38:19 IST" skipped="0">
  <testcase classname="org.tyss.appium36.practice.ApiDemosOnVmTest" name="apiActions" time="29.988"/>
  <system-out/>
</testsuite> <!-- org.tyss.appium36.practice.ApiDemosOnVmTest -->
