<?xml version="1.0" encoding="UTF-8"?>
<!-- Generated by org.testng.reporters.JUnitReportReporter -->
<testsuite hostname="Yog" failures="0" tests="1" name="org.tyss.appium36.practice.BigBasketScenario01" time="9.535" errors="0" timestamp="2022-08-19T13:19:43 IST" skipped="0">
  <testcase classname="org.tyss.appium36.practice.BigBasketScenario01" name="bigBasketActions" time="9.535"/>
  <system-out/>
</testsuite> <!-- org.tyss.appium36.practice.BigBasketScenario01 -->
