<?xml version="1.0" encoding="UTF-8"?>
<!-- Generated by org.testng.reporters.JUnitReportReporter -->
<testsuite hostname="Yog" failures="0" tests="1" name="org.genrals.TapActionsOnVM" time="18.768" errors="0" timestamp="2022-08-18T10:40:27 IST" skipped="0">
  <testcase classname="org.genrals.TapActionsOnVM" name="calAddition" time="18.768"/>
  <system-out/>
</testsuite> <!-- org.genrals.TapActionsOnVM -->
