<?xml version="1.0" encoding="UTF-8"?>
<!-- Generated by org.testng.reporters.JUnitReportReporter -->
<testsuite hostname="Yog" failures="0" tests="1" name="org.genrals.BackGroundAppSetUpTest" time="17.950" errors="0" timestamp="2022-08-18T14:51:28 IST" skipped="0">
  <testcase classname="org.genrals.BackGroundAppSetUpTest" name="appInBackGroundTest" time="17.950"/>
  <system-out/>
</testsuite> <!-- org.genrals.BackGroundAppSetUpTest -->
