<?xml version="1.0" encoding="UTF-8"?>
<!-- Generated by org.testng.reporters.JUnitReportReporter -->
<testsuite hostname="Yog" failures="0" tests="1" name="org.tyss.appium36.practice.ScrollApiDemosTest" time="16.555" errors="0" timestamp="2022-08-19T15:28:54 IST" skipped="0">
  <testcase classname="org.tyss.appium36.practice.ScrollApiDemosTest" name="apiActions" time="16.555"/>
  <system-out/>
</testsuite> <!-- org.tyss.appium36.practice.ScrollApiDemosTest -->
