<?xml version="1.0" encoding="UTF-8"?>
<!-- Generated by org.testng.reporters.JUnitReportReporter -->
<testsuite hostname="Yog" failures="0" tests="1" name="org.genrals.VirtualCalculatorActions" time="11.820" errors="0" timestamp="2022-08-18T10:27:44 IST" skipped="0">
  <testcase classname="org.genrals.VirtualCalculatorActions" name="calAddition" time="11.820"/>
  <system-out/>
</testsuite> <!-- org.genrals.VirtualCalculatorActions -->
