<?xml version="1.0" encoding="UTF-8"?>
<!-- Generated by org.testng.reporters.JUnitReportReporter -->
<testsuite hostname="Yog" failures="0" tests="1" name="org.genrals.UninstallApp" time="14.018" errors="0" timestamp="2022-08-17T16:27:13 IST" skipped="0">
  <testcase classname="org.genrals.UninstallApp" name="uninstallApp" time="14.018"/>
  <system-out/>
</testsuite> <!-- org.genrals.UninstallApp -->
