<?xml version="1.0" encoding="UTF-8"?>
<!-- Generated by org.testng.reporters.JUnitReportReporter -->
<testsuite hostname="Yog" failures="0" tests="2" name="org.tyss.javacollections.JavaListOperations" time="0.019" errors="0" timestamp="2022-08-24T13:08:18 IST" skipped="0">
  <testcase classname="org.tyss.javacollections.JavaListOperations" name="VectorOperations" time="0.017"/>
  <system-out/>
  <testcase classname="org.tyss.javacollections.JavaListOperations" name="addDataToList" time="0.002"/>
  <system-out/>
</testsuite> <!-- org.tyss.javacollections.JavaListOperations -->
